<?xml version="1.0" encoding="UTF-8"?>
<coverage generated="1586181779523" clover="3.2.0">
  <project timestamp="1586181779523" name="All files">
    <metrics statements="100" coveredstatements="73" conditionals="26" coveredconditionals="15" methods="36" coveredmethods="23" elements="162" coveredelements="111" complexity="0" loc="100" ncloc="100" packages="6" files="6" classes="6"/>
    <package name="src">
      <metrics statements="21" coveredstatements="20" conditionals="14" coveredconditionals="13" methods="6" coveredmethods="6"/>
      <file name="reducer.js" path="C:\Users\Lev3\Documents\GitHub\guess-melody\src\reducer.js">
        <metrics statements="21" coveredstatements="20" conditionals="14" coveredconditionals="13" methods="6" coveredmethods="6"/>
        <line num="1" count="2" type="stmt"/>
        <line num="7" count="5" type="stmt"/>
        <line num="10" count="11" type="stmt"/>
        <line num="15" count="2" type="stmt"/>
        <line num="16" count="1" type="stmt"/>
        <line num="22" count="6" type="stmt"/>
        <line num="24" count="6" type="cond" truecount="2" falsecount="1"/>
        <line num="26" count="3" type="stmt"/>
        <line num="27" count="3" type="stmt"/>
        <line num="29" count="3" type="stmt"/>
        <line num="30" count="3" type="stmt"/>
        <line num="31" count="0" type="stmt"/>
        <line num="34" count="6" type="cond" truecount="4" falsecount="0"/>
        <line num="35" count="2" type="stmt"/>
        <line num="40" count="4" type="stmt"/>
        <line num="48" count="2" type="cond" truecount="1" falsecount="0"/>
        <line num="49" count="9" type="cond" truecount="4" falsecount="0"/>
        <line num="51" count="2" type="stmt"/>
        <line num="54" count="2" type="stmt"/>
        <line num="57" count="1" type="stmt"/>
        <line num="59" count="4" type="stmt"/>
      </file>
    </package>
    <package name="src.components.app">
      <metrics statements="22" coveredstatements="11" conditionals="6" coveredconditionals="1" methods="8" coveredmethods="4"/>
      <file name="app.jsx" path="C:\Users\Lev3\Documents\GitHub\guess-melody\src\components\app\app.jsx">
        <metrics statements="22" coveredstatements="11" conditionals="6" coveredconditionals="1" methods="8" coveredmethods="4"/>
        <line num="11" count="1" type="stmt"/>
        <line num="16" count="1" type="stmt"/>
        <line num="17" count="3" type="stmt"/>
        <line num="18" count="3" type="stmt"/>
        <line num="21" count="3" type="stmt"/>
        <line num="22" count="0" type="stmt"/>
        <line num="25" count="0" type="stmt"/>
        <line num="26" count="0" type="stmt"/>
        <line num="37" count="3" type="cond" truecount="1" falsecount="1"/>
        <line num="42" count="3" type="stmt"/>
        <line num="44" count="3" type="stmt"/>
        <line num="55" count="0" type="stmt"/>
        <line num="56" count="0" type="cond" truecount="0" falsecount="2"/>
        <line num="57" count="0" type="stmt"/>
        <line num="60" count="0" type="stmt"/>
        <line num="68" count="0" type="cond" truecount="0" falsecount="2"/>
        <line num="69" count="0" type="stmt"/>
        <line num="72" count="0" type="stmt"/>
        <line num="80" count="0" type="stmt"/>
        <line num="84" count="3" type="stmt"/>
        <line num="85" count="3" type="stmt"/>
        <line num="110" count="1" type="stmt"/>
      </file>
    </package>
    <package name="src.components.artist-question-screen">
      <metrics statements="10" coveredstatements="9" conditionals="0" coveredconditionals="0" methods="5" coveredmethods="4"/>
      <file name="artist-question-screen.jsx" path="C:\Users\Lev3\Documents\GitHub\guess-melody\src\components\artist-question-screen\artist-question-screen.jsx">
        <metrics statements="10" coveredstatements="9" conditionals="0" coveredconditionals="0" methods="5" coveredmethods="4"/>
        <line num="8" count="2" type="stmt"/>
        <line num="10" count="2" type="stmt"/>
        <line num="16" count="2" type="stmt"/>
        <line num="17" count="2" type="stmt"/>
        <line num="18" count="2" type="stmt"/>
        <line num="20" count="2" type="stmt"/>
        <line num="26" count="0" type="stmt"/>
        <line num="33" count="6" type="stmt"/>
        <line num="34" count="3" type="stmt"/>
        <line num="45" count="3" type="stmt"/>
      </file>
    </package>
    <package name="src.components.audio-player">
      <metrics statements="27" coveredstatements="14" conditionals="4" coveredconditionals="1" methods="10" coveredmethods="3"/>
      <file name="audio-player.jsx" path="C:\Users\Lev3\Documents\GitHub\guess-melody\src\components\audio-player\audio-player.jsx">
        <metrics statements="27" coveredstatements="14" conditionals="4" coveredconditionals="1" methods="10" coveredmethods="3"/>
        <line num="7" count="6" type="stmt"/>
        <line num="8" count="6" type="stmt"/>
        <line num="10" count="6" type="stmt"/>
        <line num="16" count="6" type="stmt"/>
        <line num="20" count="6" type="stmt"/>
        <line num="21" count="6" type="stmt"/>
        <line num="32" count="6" type="stmt"/>
        <line num="33" count="6" type="stmt"/>
        <line num="34" count="6" type="stmt"/>
        <line num="36" count="6" type="stmt"/>
        <line num="39" count="6" type="stmt"/>
        <line num="40" count="0" type="stmt"/>
        <line num="44" count="6" type="stmt"/>
        <line num="47" count="6" type="stmt"/>
        <line num="53" count="0" type="stmt"/>
        <line num="55" count="0" type="cond" truecount="0" falsecount="2"/>
        <line num="56" count="0" type="stmt"/>
        <line num="58" count="0" type="stmt"/>
        <line num="63" count="0" type="stmt"/>
        <line num="65" count="0" type="stmt"/>
        <line num="66" count="0" type="stmt"/>
        <line num="67" count="0" type="stmt"/>
        <line num="68" count="0" type="stmt"/>
        <line num="69" count="0" type="stmt"/>
        <line num="73" count="0" type="stmt"/>
        <line num="74" count="0" type="stmt"/>
        <line num="78" count="6" type="stmt"/>
      </file>
    </package>
    <package name="src.components.genre-question-screen">
      <metrics statements="16" coveredstatements="15" conditionals="2" coveredconditionals="0" methods="6" coveredmethods="5"/>
      <file name="genre-question-screen.jsx" path="C:\Users\Lev3\Documents\GitHub\guess-melody\src\components\genre-question-screen\genre-question-screen.jsx">
        <metrics statements="16" coveredstatements="15" conditionals="2" coveredconditionals="0" methods="6" coveredmethods="5"/>
        <line num="8" count="4" type="stmt"/>
        <line num="10" count="4" type="stmt"/>
        <line num="11" count="4" type="stmt"/>
        <line num="13" count="4" type="stmt"/>
        <line num="20" count="8" type="stmt"/>
        <line num="21" count="8" type="stmt"/>
        <line num="23" count="8" type="stmt"/>
        <line num="24" count="2" type="stmt"/>
        <line num="25" count="2" type="stmt"/>
        <line num="28" count="8" type="stmt"/>
        <line num="51" count="32" type="stmt"/>
        <line num="55" count="0" type="stmt"/>
        <line num="63" count="4" type="stmt"/>
        <line num="64" count="4" type="stmt"/>
        <line num="65" count="4" type="stmt"/>
        <line num="80" count="3" type="stmt"/>
      </file>
    </package>
    <package name="src.components.welcome-screen">
      <metrics statements="4" coveredstatements="4" conditionals="0" coveredconditionals="0" methods="1" coveredmethods="1"/>
      <file name="welcome-screen.jsx" path="C:\Users\Lev3\Documents\GitHub\guess-melody\src\components\welcome-screen\welcome-screen.jsx">
        <metrics statements="4" coveredstatements="4" conditionals="0" coveredconditionals="0" methods="1" coveredmethods="1"/>
        <line num="4" count="3" type="stmt"/>
        <line num="5" count="5" type="stmt"/>
        <line num="6" count="5" type="stmt"/>
        <line num="23" count="3" type="stmt"/>
      </file>
    </package>
  </project>
</coverage>
