{"C:\\Users\\Lev3\\Documents\\GitHub\\guess-melody\\src\\reducer.js": {"path":"C:\\Users\\Lev3\\Documents\\GitHub\\guess-melody\\src\\reducer.js","statementMap":{"0":{"start":{"line":1,"column":21},"end":{"line":4,"column":1}},"1":{"start":{"line":7,"column":30},"end":{"line":7,"column":98}},"2":{"start":{"line":7,"column":56},"end":{"line":7,"column":98}},"3":{"start":{"line":10,"column":29},"end":{"line":12,"column":2}},"4":{"start":{"line":10,"column":55},"end":{"line":12,"column":2}},"5":{"start":{"line":10,"column":83},"end":{"line":12,"column":1}},"6":{"start":{"line":15,"column":22},"end":{"line":45,"column":1}},"7":{"start":{"line":16,"column":24},"end":{"line":19,"column":3}},"8":{"start":{"line":22,"column":26},"end":{"line":22,"column":31}},"9":{"start":{"line":24,"column":4},"end":{"line":32,"column":5}},"10":{"start":{"line":26,"column":8},"end":{"line":26,"column":70}},"11":{"start":{"line":27,"column":8},"end":{"line":27,"column":14}},"12":{"start":{"line":29,"column":8},"end":{"line":29,"column":69}},"13":{"start":{"line":30,"column":8},"end":{"line":30,"column":14}},"14":{"start":{"line":31,"column":15},"end":{"line":31,"column":47}},"15":{"start":{"line":34,"column":4},"end":{"line":38,"column":5}},"16":{"start":{"line":35,"column":6},"end":{"line":37,"column":8}},"17":{"start":{"line":40,"column":4},"end":{"line":43,"column":6}},"18":{"start":{"line":48,"column":16},"end":{"line":61,"column":1}},"19":{"start":{"line":49,"column":2},"end":{"line":60,"column":3}},"20":{"start":{"line":51,"column":6},"end":{"line":51,"column":61}},"21":{"start":{"line":54,"column":6},"end":{"line":54,"column":69}},"22":{"start":{"line":57,"column":18},"end":{"line":57,"column":45}},"23":{"start":{"line":59,"column":6},"end":{"line":59,"column":19}}},"fnMap":{"0":{"name":"(anonymous_0)","decl":{"start":{"line":7,"column":30},"end":{"line":7,"column":31}},"loc":{"start":{"line":7,"column":56},"end":{"line":7,"column":98}},"line":7},"1":{"name":"(anonymous_1)","decl":{"start":{"line":10,"column":29},"end":{"line":10,"column":30}},"loc":{"start":{"line":10,"column":55},"end":{"line":12,"column":2}},"line":10},"2":{"name":"(anonymous_2)","decl":{"start":{"line":10,"column":72},"end":{"line":10,"column":73}},"loc":{"start":{"line":10,"column":83},"end":{"line":12,"column":1}},"line":10},"3":{"name":"(anonymous_3)","decl":{"start":{"line":16,"column":17},"end":{"line":16,"column":18}},"loc":{"start":{"line":16,"column":24},"end":{"line":19,"column":3}},"line":16},"4":{"name":"(anonymous_4)","decl":{"start":{"line":21,"column":20},"end":{"line":21,"column":21}},"loc":{"start":{"line":21,"column":69},"end":{"line":44,"column":3}},"line":21},"5":{"name":"(anonymous_5)","decl":{"start":{"line":48,"column":16},"end":{"line":48,"column":17}},"loc":{"start":{"line":48,"column":50},"end":{"line":61,"column":1}},"line":48}},"branchMap":{"0":{"loc":{"start":{"line":24,"column":4},"end":{"line":32,"column":5}},"type":"switch","locations":[{"start":{"line":25,"column":6},"end":{"line":27,"column":14}},{"start":{"line":28,"column":6},"end":{"line":30,"column":14}},{"start":{"line":31,"column":6},"end":{"line":31,"column":47}}],"line":24},"1":{"loc":{"start":{"line":34,"column":4},"end":{"line":38,"column":5}},"type":"if","locations":[{"start":{"line":34,"column":4},"end":{"line":38,"column":5}},{"start":{"line":34,"column":4},"end":{"line":38,"column":5}}],"line":34},"2":{"loc":{"start":{"line":34,"column":8},"end":{"line":34,"column":55}},"type":"binary-expr","locations":[{"start":{"line":34,"column":8},"end":{"line":34,"column":24}},{"start":{"line":34,"column":28},"end":{"line":34,"column":55}}],"line":34},"3":{"loc":{"start":{"line":42,"column":15},"end":{"line":42,"column":38}},"type":"cond-expr","locations":[{"start":{"line":42,"column":33},"end":{"line":42,"column":34}},{"start":{"line":42,"column":37},"end":{"line":42,"column":38}}],"line":42},"4":{"loc":{"start":{"line":48,"column":17},"end":{"line":48,"column":37}},"type":"default-arg","locations":[{"start":{"line":48,"column":25},"end":{"line":48,"column":37}}],"line":48},"5":{"loc":{"start":{"line":49,"column":2},"end":{"line":60,"column":3}},"type":"switch","locations":[{"start":{"line":50,"column":4},"end":{"line":52,"column":5}},{"start":{"line":53,"column":4},"end":{"line":55,"column":5}},{"start":{"line":57,"column":4},"end":{"line":57,"column":45}},{"start":{"line":58,"column":4},"end":{"line":59,"column":19}}],"line":49}},"s":{"0":2,"1":2,"2":5,"3":2,"4":5,"5":11,"6":2,"7":1,"8":6,"9":6,"10":3,"11":3,"12":3,"13":3,"14":0,"15":6,"16":2,"17":4,"18":2,"19":9,"20":2,"21":2,"22":1,"23":4},"f":{"0":5,"1":5,"2":11,"3":1,"4":6,"5":9},"b":{"0":[3,3,0],"1":[2,4],"2":[6,4],"3":[2,2],"4":[4],"5":[2,2,1,4]},"_coverageSchema":"1a1c01bbd47fc00a2c39e90264f33305004495a9","hash":"3056a4fce1cb4ccd371335eea09c3266086664c5"}
,"C:\\Users\\Lev3\\Documents\\GitHub\\guess-melody\\src\\components\\app\\app.jsx": {"path":"C:\\Users\\Lev3\\Documents\\GitHub\\guess-melody\\src\\components\\app\\app.jsx","statementMap":{"0":{"start":{"line":11,"column":13},"end":{"line":14,"column":1}},"1":{"start":{"line":16,"column":24},"end":{"line":19,"column":1}},"2":{"start":{"line":17,"column":16},"end":{"line":17,"column":62}},"3":{"start":{"line":18,"column":2},"end":{"line":18,"column":15}},"4":{"start":{"line":21,"column":27},"end":{"line":33,"column":2}},"5":{"start":{"line":21,"column":42},"end":{"line":33,"column":1}},"6":{"start":{"line":22,"column":30},"end":{"line":22,"column":69}},"7":{"start":{"line":25,"column":4},"end":{"line":25,"column":44}},"8":{"start":{"line":26,"column":4},"end":{"line":31,"column":7}},"9":{"start":{"line":37,"column":4},"end":{"line":49,"column":5}},"10":{"start":{"line":42,"column":10},"end":{"line":42,"column":20}},"11":{"start":{"line":44,"column":6},"end":{"line":48,"column":9}},"12":{"start":{"line":55,"column":8},"end":{"line":55,"column":18}},"13":{"start":{"line":56,"column":4},"end":{"line":67,"column":5}},"14":{"start":{"line":57,"column":6},"end":{"line":66,"column":9}},"15":{"start":{"line":60,"column":35},"end":{"line":65,"column":9}},"16":{"start":{"line":68,"column":4},"end":{"line":79,"column":5}},"17":{"start":{"line":69,"column":6},"end":{"line":78,"column":9}},"18":{"start":{"line":72,"column":34},"end":{"line":77,"column":9}},"19":{"start":{"line":80,"column":4},"end":{"line":80,"column":16}},"20":{"start":{"line":84,"column":32},"end":{"line":84,"column":42}},"21":{"start":{"line":85,"column":4},"end":{"line":106,"column":13}},"22":{"start":{"line":110,"column":0},"end":{"line":118,"column":2}}},"fnMap":{"0":{"name":"(anonymous_0)","decl":{"start":{"line":16,"column":24},"end":{"line":16,"column":25}},"loc":{"start":{"line":16,"column":35},"end":{"line":19,"column":1}},"line":16},"1":{"name":"(anonymous_1)","decl":{"start":{"line":21,"column":27},"end":{"line":21,"column":28}},"loc":{"start":{"line":21,"column":42},"end":{"line":33,"column":1}},"line":21},"2":{"name":"(anonymous_2)","decl":{"start":{"line":22,"column":24},"end":{"line":22,"column":25}},"loc":{"start":{"line":22,"column":30},"end":{"line":22,"column":69}},"line":22},"3":{"name":"(anonymous_3)","decl":{"start":{"line":24,"column":16},"end":{"line":24,"column":17}},"loc":{"start":{"line":24,"column":65},"end":{"line":32,"column":3}},"line":24},"4":{"name":"(anonymous_4)","decl":{"start":{"line":36,"column":2},"end":{"line":36,"column":3}},"loc":{"start":{"line":36,"column":23},"end":{"line":81,"column":3}},"line":36},"5":{"name":"(anonymous_5)","decl":{"start":{"line":60,"column":19},"end":{"line":60,"column":20}},"loc":{"start":{"line":60,"column":35},"end":{"line":65,"column":9}},"line":60},"6":{"name":"(anonymous_6)","decl":{"start":{"line":72,"column":18},"end":{"line":72,"column":19}},"loc":{"start":{"line":72,"column":34},"end":{"line":77,"column":9}},"line":72},"7":{"name":"(anonymous_7)","decl":{"start":{"line":83,"column":2},"end":{"line":83,"column":3}},"loc":{"start":{"line":83,"column":11},"end":{"line":107,"column":3}},"line":83}},"branchMap":{"0":{"loc":{"start":{"line":37,"column":4},"end":{"line":49,"column":5}},"type":"if","locations":[{"start":{"line":37,"column":4},"end":{"line":49,"column":5}},{"start":{"line":37,"column":4},"end":{"line":49,"column":5}}],"line":37},"1":{"loc":{"start":{"line":56,"column":4},"end":{"line":67,"column":5}},"type":"if","locations":[{"start":{"line":56,"column":4},"end":{"line":67,"column":5}},{"start":{"line":56,"column":4},"end":{"line":67,"column":5}}],"line":56},"2":{"loc":{"start":{"line":68,"column":4},"end":{"line":79,"column":5}},"type":"if","locations":[{"start":{"line":68,"column":4},"end":{"line":79,"column":5}},{"start":{"line":68,"column":4},"end":{"line":79,"column":5}}],"line":68}},"s":{"0":1,"1":1,"2":3,"3":3,"4":1,"5":3,"6":0,"7":0,"8":0,"9":3,"10":3,"11":3,"12":0,"13":0,"14":0,"15":0,"16":0,"17":0,"18":0,"19":0,"20":3,"21":3,"22":1},"f":{"0":3,"1":3,"2":0,"3":0,"4":3,"5":0,"6":0,"7":3},"b":{"0":[3,0],"1":[0,0],"2":[0,0]},"_coverageSchema":"1a1c01bbd47fc00a2c39e90264f33305004495a9","hash":"58fb9467ad294becc0641f4f301554d899a47504"}
,"C:\\Users\\Lev3\\Documents\\GitHub\\guess-melody\\src\\components\\artist-question-screen\\artist-question-screen.jsx": {"path":"C:\\Users\\Lev3\\Documents\\GitHub\\guess-melody\\src\\components\\artist-question-screen\\artist-question-screen.jsx","statementMap":{"0":{"start":{"line":8,"column":4},"end":{"line":8,"column":17}},"1":{"start":{"line":10,"column":4},"end":{"line":12,"column":6}},"2":{"start":{"line":16,"column":41},"end":{"line":16,"column":51}},"3":{"start":{"line":17,"column":26},"end":{"line":17,"column":36}},"4":{"start":{"line":18,"column":30},"end":{"line":18,"column":38}},"5":{"start":{"line":20,"column":4},"end":{"line":41,"column":13}},"6":{"start":{"line":26,"column":35},"end":{"line":26,"column":75}},"7":{"start":{"line":33,"column":28},"end":{"line":39,"column":12}},"8":{"start":{"line":34,"column":140},"end":{"line":34,"column":152}},"9":{"start":{"line":45,"column":0},"end":{"line":59,"column":2}}},"fnMap":{"0":{"name":"(anonymous_0)","decl":{"start":{"line":7,"column":2},"end":{"line":7,"column":3}},"loc":{"start":{"line":7,"column":21},"end":{"line":13,"column":3}},"line":7},"1":{"name":"(anonymous_1)","decl":{"start":{"line":15,"column":2},"end":{"line":15,"column":3}},"loc":{"start":{"line":15,"column":11},"end":{"line":42,"column":3}},"line":15},"2":{"name":"(anonymous_2)","decl":{"start":{"line":26,"column":29},"end":{"line":26,"column":30}},"loc":{"start":{"line":26,"column":35},"end":{"line":26,"column":75}},"line":26},"3":{"name":"(anonymous_3)","decl":{"start":{"line":33,"column":17},"end":{"line":33,"column":18}},"loc":{"start":{"line":33,"column":28},"end":{"line":39,"column":12}},"line":33},"4":{"name":"(anonymous_4)","decl":{"start":{"line":34,"column":134},"end":{"line":34,"column":135}},"loc":{"start":{"line":34,"column":140},"end":{"line":34,"column":152}},"line":34}},"branchMap":{},"s":{"0":2,"1":2,"2":2,"3":2,"4":2,"5":2,"6":0,"7":6,"8":3,"9":3},"f":{"0":2,"1":2,"2":0,"3":6,"4":3},"b":{},"_coverageSchema":"1a1c01bbd47fc00a2c39e90264f33305004495a9","hash":"a204f17ff0351573ffba2264fbe97fbd480ecc56"}
,"C:\\Users\\Lev3\\Documents\\GitHub\\guess-melody\\src\\components\\audio-player\\audio-player.jsx": {"path":"C:\\Users\\Lev3\\Documents\\GitHub\\guess-melody\\src\\components\\audio-player\\audio-player.jsx","statementMap":{"0":{"start":{"line":7,"column":4},"end":{"line":7,"column":17}},"1":{"start":{"line":8,"column":4},"end":{"line":8,"column":39}},"2":{"start":{"line":10,"column":4},"end":{"line":14,"column":6}},"3":{"start":{"line":16,"column":4},"end":{"line":16,"column":65}},"4":{"start":{"line":20,"column":37},"end":{"line":20,"column":47}},"5":{"start":{"line":21,"column":4},"end":{"line":28,"column":6}},"6":{"start":{"line":32,"column":20},"end":{"line":32,"column":30}},"7":{"start":{"line":33,"column":18},"end":{"line":33,"column":40}},"8":{"start":{"line":34,"column":4},"end":{"line":34,"column":20}},"9":{"start":{"line":36,"column":4},"end":{"line":38,"column":7}},"10":{"start":{"line":36,"column":35},"end":{"line":38,"column":6}},"11":{"start":{"line":39,"column":4},"end":{"line":43,"column":6}},"12":{"start":{"line":40,"column":6},"end":{"line":42,"column":9}},"13":{"start":{"line":44,"column":4},"end":{"line":46,"column":7}},"14":{"start":{"line":44,"column":26},"end":{"line":46,"column":6}},"15":{"start":{"line":47,"column":4},"end":{"line":49,"column":7}},"16":{"start":{"line":47,"column":31},"end":{"line":49,"column":6}},"17":{"start":{"line":53,"column":18},"end":{"line":53,"column":40}},"18":{"start":{"line":55,"column":4},"end":{"line":59,"column":5}},"19":{"start":{"line":56,"column":6},"end":{"line":56,"column":19}},"20":{"start":{"line":58,"column":6},"end":{"line":58,"column":20}},"21":{"start":{"line":63,"column":18},"end":{"line":63,"column":40}},"22":{"start":{"line":65,"column":4},"end":{"line":65,"column":34}},"23":{"start":{"line":66,"column":4},"end":{"line":66,"column":24}},"24":{"start":{"line":67,"column":4},"end":{"line":67,"column":25}},"25":{"start":{"line":68,"column":4},"end":{"line":68,"column":30}},"26":{"start":{"line":69,"column":4},"end":{"line":69,"column":19}},"27":{"start":{"line":73,"column":4},"end":{"line":73,"column":35}},"28":{"start":{"line":74,"column":4},"end":{"line":74,"column":56}},"29":{"start":{"line":78,"column":0},"end":{"line":82,"column":2}}},"fnMap":{"0":{"name":"(anonymous_0)","decl":{"start":{"line":6,"column":2},"end":{"line":6,"column":3}},"loc":{"start":{"line":6,"column":21},"end":{"line":17,"column":3}},"line":6},"1":{"name":"(anonymous_1)","decl":{"start":{"line":19,"column":2},"end":{"line":19,"column":3}},"loc":{"start":{"line":19,"column":11},"end":{"line":29,"column":3}},"line":19},"2":{"name":"(anonymous_2)","decl":{"start":{"line":31,"column":2},"end":{"line":31,"column":3}},"loc":{"start":{"line":31,"column":22},"end":{"line":50,"column":3}},"line":31},"3":{"name":"(anonymous_3)","decl":{"start":{"line":36,"column":29},"end":{"line":36,"column":30}},"loc":{"start":{"line":36,"column":35},"end":{"line":38,"column":6}},"line":36},"4":{"name":"(anonymous_4)","decl":{"start":{"line":39,"column":19},"end":{"line":39,"column":20}},"loc":{"start":{"line":39,"column":25},"end":{"line":43,"column":5}},"line":39},"5":{"name":"(anonymous_5)","decl":{"start":{"line":44,"column":20},"end":{"line":44,"column":21}},"loc":{"start":{"line":44,"column":26},"end":{"line":46,"column":6}},"line":44},"6":{"name":"(anonymous_6)","decl":{"start":{"line":47,"column":25},"end":{"line":47,"column":26}},"loc":{"start":{"line":47,"column":31},"end":{"line":49,"column":6}},"line":47},"7":{"name":"(anonymous_7)","decl":{"start":{"line":52,"column":2},"end":{"line":52,"column":3}},"loc":{"start":{"line":52,"column":23},"end":{"line":60,"column":3}},"line":52},"8":{"name":"(anonymous_8)","decl":{"start":{"line":62,"column":2},"end":{"line":62,"column":3}},"loc":{"start":{"line":62,"column":25},"end":{"line":70,"column":3}},"line":62},"9":{"name":"(anonymous_9)","decl":{"start":{"line":72,"column":2},"end":{"line":72,"column":3}},"loc":{"start":{"line":72,"column":23},"end":{"line":75,"column":3}},"line":72}},"branchMap":{"0":{"loc":{"start":{"line":23,"column":61},"end":{"line":23,"column":89}},"type":"cond-expr","locations":[{"start":{"line":23,"column":73},"end":{"line":23,"column":80}},{"start":{"line":23,"column":83},"end":{"line":23,"column":89}}],"line":23},"1":{"loc":{"start":{"line":55,"column":4},"end":{"line":59,"column":5}},"type":"if","locations":[{"start":{"line":55,"column":4},"end":{"line":59,"column":5}},{"start":{"line":55,"column":4},"end":{"line":59,"column":5}}],"line":55}},"s":{"0":6,"1":6,"2":6,"3":6,"4":6,"5":6,"6":6,"7":6,"8":6,"9":6,"10":0,"11":6,"12":0,"13":6,"14":0,"15":6,"16":0,"17":0,"18":0,"19":0,"20":0,"21":0,"22":0,"23":0,"24":0,"25":0,"26":0,"27":0,"28":0,"29":6},"f":{"0":6,"1":6,"2":6,"3":0,"4":0,"5":0,"6":0,"7":0,"8":0,"9":0},"b":{"0":[0,6],"1":[0,0]},"_coverageSchema":"1a1c01bbd47fc00a2c39e90264f33305004495a9","hash":"44f3177c0ec61dcd6458cb04fd64120583cc0943"}
,"C:\\Users\\Lev3\\Documents\\GitHub\\guess-melody\\src\\components\\genre-question-screen\\genre-question-screen.jsx": {"path":"C:\\Users\\Lev3\\Documents\\GitHub\\guess-melody\\src\\components\\genre-question-screen\\genre-question-screen.jsx","statementMap":{"0":{"start":{"line":8,"column":4},"end":{"line":8,"column":17}},"1":{"start":{"line":10,"column":25},"end":{"line":10,"column":35}},"2":{"start":{"line":11,"column":24},"end":{"line":11,"column":32}},"3":{"start":{"line":13,"column":4},"end":{"line":16,"column":6}},"4":{"start":{"line":20,"column":41},"end":{"line":20,"column":51}},"5":{"start":{"line":21,"column":31},"end":{"line":21,"column":39}},"6":{"start":{"line":23,"column":29},"end":{"line":26,"column":5}},"7":{"start":{"line":24,"column":6},"end":{"line":24,"column":25}},"8":{"start":{"line":25,"column":6},"end":{"line":25,"column":38}},"9":{"start":{"line":28,"column":4},"end":{"line":75,"column":11}},"10":{"start":{"line":51,"column":30},"end":{"line":70,"column":14}},"11":{"start":{"line":55,"column":37},"end":{"line":57,"column":14}},"12":{"start":{"line":63,"column":35},"end":{"line":63,"column":61}},"13":{"start":{"line":64,"column":16},"end":{"line":64,"column":47}},"14":{"start":{"line":65,"column":16},"end":{"line":65,"column":46}},"15":{"start":{"line":80,"column":0},"end":{"line":91,"column":2}}},"fnMap":{"0":{"name":"(anonymous_0)","decl":{"start":{"line":7,"column":2},"end":{"line":7,"column":3}},"loc":{"start":{"line":7,"column":21},"end":{"line":17,"column":3}},"line":7},"1":{"name":"(anonymous_1)","decl":{"start":{"line":19,"column":2},"end":{"line":19,"column":3}},"loc":{"start":{"line":19,"column":11},"end":{"line":76,"column":3}},"line":19},"2":{"name":"(anonymous_2)","decl":{"start":{"line":23,"column":29},"end":{"line":23,"column":30}},"loc":{"start":{"line":23,"column":36},"end":{"line":26,"column":5}},"line":23},"3":{"name":"(anonymous_3)","decl":{"start":{"line":51,"column":19},"end":{"line":51,"column":20}},"loc":{"start":{"line":51,"column":30},"end":{"line":70,"column":14}},"line":51},"4":{"name":"(anonymous_4)","decl":{"start":{"line":55,"column":31},"end":{"line":55,"column":32}},"loc":{"start":{"line":55,"column":37},"end":{"line":57,"column":14}},"line":55},"5":{"name":"(anonymous_5)","decl":{"start":{"line":62,"column":24},"end":{"line":62,"column":25}},"loc":{"start":{"line":62,"column":30},"end":{"line":66,"column":15}},"line":62}},"branchMap":{"0":{"loc":{"start":{"line":56,"column":28},"end":{"line":56,"column":66}},"type":"cond-expr","locations":[{"start":{"line":56,"column":60},"end":{"line":56,"column":62}},{"start":{"line":56,"column":65},"end":{"line":56,"column":66}}],"line":56}},"s":{"0":4,"1":4,"2":4,"3":4,"4":8,"5":8,"6":8,"7":2,"8":2,"9":8,"10":32,"11":0,"12":4,"13":4,"14":4,"15":3},"f":{"0":4,"1":8,"2":2,"3":32,"4":0,"5":4},"b":{"0":[0,0]},"_coverageSchema":"1a1c01bbd47fc00a2c39e90264f33305004495a9","hash":"8b62e519f5a4a3754c117262407ee392bb5c408f"}
,"C:\\Users\\Lev3\\Documents\\GitHub\\guess-melody\\src\\components\\welcome-screen\\welcome-screen.jsx": {"path":"C:\\Users\\Lev3\\Documents\\GitHub\\guess-melody\\src\\components\\welcome-screen\\welcome-screen.jsx","statementMap":{"0":{"start":{"line":4,"column":22},"end":{"line":21,"column":1}},"1":{"start":{"line":5,"column":52},"end":{"line":5,"column":57}},"2":{"start":{"line":6,"column":2},"end":{"line":20,"column":13}},"3":{"start":{"line":23,"column":0},"end":{"line":27,"column":2}}},"fnMap":{"0":{"name":"(anonymous_0)","decl":{"start":{"line":4,"column":22},"end":{"line":4,"column":23}},"loc":{"start":{"line":4,"column":33},"end":{"line":21,"column":1}},"line":4}},"branchMap":{},"s":{"0":3,"1":5,"2":5,"3":3},"f":{"0":5},"b":{},"_coverageSchema":"1a1c01bbd47fc00a2c39e90264f33305004495a9","hash":"bbd3257340e8334c3071962b7a2a2bf8ded5fcc8"}
}
