{"C:\\Users\\Lev3\\Documents\\GitHub\\guess-melody\\src\\reducer.js": {"path":"C:\\Users\\Lev3\\Documents\\GitHub\\guess-melody\\src\\reducer.js","statementMap":{"0":{"start":{"line":2,"column":21},"end":{"line":5,"column":1}},"1":{"start":{"line":7,"column":19},"end":{"line":11,"column":1}},"2":{"start":{"line":13,"column":30},"end":{"line":13,"column":98}},"3":{"start":{"line":13,"column":56},"end":{"line":13,"column":98}},"4":{"start":{"line":15,"column":29},"end":{"line":17,"column":2}},"5":{"start":{"line":15,"column":55},"end":{"line":17,"column":2}},"6":{"start":{"line":15,"column":83},"end":{"line":17,"column":1}},"7":{"start":{"line":19,"column":22},"end":{"line":48,"column":1}},"8":{"start":{"line":20,"column":24},"end":{"line":23,"column":3}},"9":{"start":{"line":26,"column":26},"end":{"line":26,"column":31}},"10":{"start":{"line":28,"column":4},"end":{"line":36,"column":5}},"11":{"start":{"line":30,"column":8},"end":{"line":30,"column":70}},"12":{"start":{"line":31,"column":8},"end":{"line":31,"column":14}},"13":{"start":{"line":33,"column":8},"end":{"line":33,"column":69}},"14":{"start":{"line":34,"column":8},"end":{"line":34,"column":14}},"15":{"start":{"line":35,"column":15},"end":{"line":35,"column":47}},"16":{"start":{"line":38,"column":4},"end":{"line":41,"column":6}},"17":{"start":{"line":44,"column":4},"end":{"line":46,"column":6}},"18":{"start":{"line":51,"column":16},"end":{"line":64,"column":1}},"19":{"start":{"line":52,"column":2},"end":{"line":63,"column":3}},"20":{"start":{"line":54,"column":6},"end":{"line":54,"column":61}},"21":{"start":{"line":57,"column":6},"end":{"line":57,"column":69}},"22":{"start":{"line":60,"column":18},"end":{"line":60,"column":45}},"23":{"start":{"line":62,"column":6},"end":{"line":62,"column":19}}},"fnMap":{"0":{"name":"(anonymous_0)","decl":{"start":{"line":13,"column":30},"end":{"line":13,"column":31}},"loc":{"start":{"line":13,"column":56},"end":{"line":13,"column":98}},"line":13},"1":{"name":"(anonymous_1)","decl":{"start":{"line":15,"column":29},"end":{"line":15,"column":30}},"loc":{"start":{"line":15,"column":55},"end":{"line":17,"column":2}},"line":15},"2":{"name":"(anonymous_2)","decl":{"start":{"line":15,"column":72},"end":{"line":15,"column":73}},"loc":{"start":{"line":15,"column":83},"end":{"line":17,"column":1}},"line":15},"3":{"name":"(anonymous_3)","decl":{"start":{"line":20,"column":17},"end":{"line":20,"column":18}},"loc":{"start":{"line":20,"column":24},"end":{"line":23,"column":3}},"line":20},"4":{"name":"(anonymous_4)","decl":{"start":{"line":25,"column":20},"end":{"line":25,"column":21}},"loc":{"start":{"line":25,"column":46},"end":{"line":42,"column":3}},"line":25},"5":{"name":"(anonymous_5)","decl":{"start":{"line":43,"column":13},"end":{"line":43,"column":14}},"loc":{"start":{"line":43,"column":19},"end":{"line":47,"column":3}},"line":43},"6":{"name":"(anonymous_6)","decl":{"start":{"line":51,"column":16},"end":{"line":51,"column":17}},"loc":{"start":{"line":51,"column":50},"end":{"line":64,"column":1}},"line":51}},"branchMap":{"0":{"loc":{"start":{"line":28,"column":4},"end":{"line":36,"column":5}},"type":"switch","locations":[{"start":{"line":29,"column":6},"end":{"line":31,"column":14}},{"start":{"line":32,"column":6},"end":{"line":34,"column":14}},{"start":{"line":35,"column":6},"end":{"line":35,"column":47}}],"line":28},"1":{"loc":{"start":{"line":40,"column":15},"end":{"line":40,"column":38}},"type":"cond-expr","locations":[{"start":{"line":40,"column":33},"end":{"line":40,"column":34}},{"start":{"line":40,"column":37},"end":{"line":40,"column":38}}],"line":40},"2":{"loc":{"start":{"line":51,"column":17},"end":{"line":51,"column":37}},"type":"default-arg","locations":[{"start":{"line":51,"column":25},"end":{"line":51,"column":37}}],"line":51},"3":{"loc":{"start":{"line":52,"column":2},"end":{"line":63,"column":3}},"type":"switch","locations":[{"start":{"line":53,"column":4},"end":{"line":55,"column":5}},{"start":{"line":56,"column":4},"end":{"line":58,"column":5}},{"start":{"line":60,"column":4},"end":{"line":60,"column":45}},{"start":{"line":61,"column":4},"end":{"line":62,"column":19}}],"line":52}},"s":{"0":2,"1":2,"2":2,"3":4,"4":2,"5":4,"6":10,"7":2,"8":1,"9":4,"10":4,"11":2,"12":2,"13":2,"14":2,"15":0,"16":4,"17":0,"18":2,"19":9,"20":2,"21":2,"22":1,"23":4},"f":{"0":4,"1":4,"2":10,"3":1,"4":4,"5":0,"6":9},"b":{"0":[2,2,0],"1":[2,2],"2":[4],"3":[2,2,1,4]},"_coverageSchema":"1a1c01bbd47fc00a2c39e90264f33305004495a9","hash":"c2988da61a07cedbd4f00b403a71e4be5af4dee9"}
,"C:\\Users\\Lev3\\Documents\\GitHub\\guess-melody\\src\\components\\app\\app.jsx": {"path":"C:\\Users\\Lev3\\Documents\\GitHub\\guess-melody\\src\\components\\app\\app.jsx","statementMap":{"0":{"start":{"line":7,"column":13},"end":{"line":10,"column":1}},"1":{"start":{"line":12,"column":24},"end":{"line":15,"column":1}},"2":{"start":{"line":13,"column":16},"end":{"line":13,"column":36}},"3":{"start":{"line":14,"column":2},"end":{"line":14,"column":15}},"4":{"start":{"line":19,"column":46},"end":{"line":19,"column":56}},"5":{"start":{"line":20,"column":4},"end":{"line":41,"column":13}},"6":{"start":{"line":45,"column":0},"end":{"line":50,"column":2}}},"fnMap":{"0":{"name":"(anonymous_0)","decl":{"start":{"line":12,"column":24},"end":{"line":12,"column":25}},"loc":{"start":{"line":12,"column":35},"end":{"line":15,"column":1}},"line":12},"1":{"name":"(anonymous_1)","decl":{"start":{"line":18,"column":2},"end":{"line":18,"column":3}},"loc":{"start":{"line":18,"column":11},"end":{"line":42,"column":3}},"line":18}},"branchMap":{},"s":{"0":1,"1":1,"2":3,"3":3,"4":3,"5":3,"6":1},"f":{"0":3,"1":3},"b":{},"_coverageSchema":"1a1c01bbd47fc00a2c39e90264f33305004495a9","hash":"fd22ed885cd351a1de49191112d431fc2ce08c3c"}
,"C:\\Users\\Lev3\\Documents\\GitHub\\guess-melody\\src\\components\\artist-question-screen\\artist-question-screen.jsx": {"path":"C:\\Users\\Lev3\\Documents\\GitHub\\guess-melody\\src\\components\\artist-question-screen\\artist-question-screen.jsx","statementMap":{"0":{"start":{"line":11,"column":8},"end":{"line":11,"column":18}},"1":{"start":{"line":12,"column":30},"end":{"line":12,"column":38}},"2":{"start":{"line":14,"column":4},"end":{"line":31,"column":13}},"3":{"start":{"line":23,"column":28},"end":{"line":29,"column":12}},"4":{"start":{"line":24,"column":140},"end":{"line":24,"column":152}},"5":{"start":{"line":35,"column":0},"end":{"line":50,"column":2}}},"fnMap":{"0":{"name":"(anonymous_0)","decl":{"start":{"line":5,"column":2},"end":{"line":5,"column":3}},"loc":{"start":{"line":5,"column":11},"end":{"line":32,"column":3}},"line":5},"1":{"name":"(anonymous_1)","decl":{"start":{"line":23,"column":17},"end":{"line":23,"column":18}},"loc":{"start":{"line":23,"column":28},"end":{"line":29,"column":12}},"line":23},"2":{"name":"(anonymous_2)","decl":{"start":{"line":24,"column":134},"end":{"line":24,"column":135}},"loc":{"start":{"line":24,"column":140},"end":{"line":24,"column":152}},"line":24}},"branchMap":{},"s":{"0":2,"1":2,"2":2,"3":6,"4":3,"5":2},"f":{"0":2,"1":6,"2":3},"b":{},"_coverageSchema":"1a1c01bbd47fc00a2c39e90264f33305004495a9","hash":"5061b6d789df606c0a836ebc2395277cc7e7c457"}
,"C:\\Users\\Lev3\\Documents\\GitHub\\guess-melody\\src\\components\\audio-player\\audio-player.jsx": {"path":"C:\\Users\\Lev3\\Documents\\GitHub\\guess-melody\\src\\components\\audio-player\\audio-player.jsx","statementMap":{"0":{"start":{"line":12,"column":8},"end":{"line":12,"column":18}},"1":{"start":{"line":13,"column":4},"end":{"line":20,"column":6}},"2":{"start":{"line":24,"column":0},"end":{"line":30,"column":2}}},"fnMap":{"0":{"name":"(anonymous_0)","decl":{"start":{"line":6,"column":2},"end":{"line":6,"column":3}},"loc":{"start":{"line":6,"column":11},"end":{"line":21,"column":3}},"line":6}},"branchMap":{"0":{"loc":{"start":{"line":15,"column":61},"end":{"line":15,"column":89}},"type":"cond-expr","locations":[{"start":{"line":15,"column":73},"end":{"line":15,"column":80}},{"start":{"line":15,"column":83},"end":{"line":15,"column":89}}],"line":15}},"s":{"0":1,"1":1,"2":2},"f":{"0":1},"b":{"0":[0,1]},"_coverageSchema":"1a1c01bbd47fc00a2c39e90264f33305004495a9","hash":"882ddcbbdcf64d6cb6f605c0430205306944a9ec"}
,"C:\\Users\\Lev3\\Documents\\GitHub\\guess-melody\\src\\components\\genre-question-screen\\genre-question-screen.jsx": {"path":"C:\\Users\\Lev3\\Documents\\GitHub\\guess-melody\\src\\components\\genre-question-screen\\genre-question-screen.jsx","statementMap":{"0":{"start":{"line":13,"column":8},"end":{"line":13,"column":18}},"1":{"start":{"line":14,"column":31},"end":{"line":14,"column":39}},"2":{"start":{"line":16,"column":29},"end":{"line":19,"column":5}},"3":{"start":{"line":17,"column":6},"end":{"line":17,"column":25}},"4":{"start":{"line":18,"column":6},"end":{"line":18,"column":17}},"5":{"start":{"line":21,"column":4},"end":{"line":37,"column":13}},"6":{"start":{"line":24,"column":30},"end":{"line":33,"column":14}},"7":{"start":{"line":29,"column":30},"end":{"line":29,"column":41}},"8":{"start":{"line":42,"column":0},"end":{"line":55,"column":2}}},"fnMap":{"0":{"name":"(anonymous_0)","decl":{"start":{"line":6,"column":2},"end":{"line":6,"column":3}},"loc":{"start":{"line":6,"column":11},"end":{"line":38,"column":3}},"line":6},"1":{"name":"(anonymous_1)","decl":{"start":{"line":16,"column":29},"end":{"line":16,"column":30}},"loc":{"start":{"line":16,"column":36},"end":{"line":19,"column":5}},"line":16},"2":{"name":"(anonymous_2)","decl":{"start":{"line":24,"column":19},"end":{"line":24,"column":20}},"loc":{"start":{"line":24,"column":30},"end":{"line":33,"column":14}},"line":24},"3":{"name":"(anonymous_3)","decl":{"start":{"line":29,"column":24},"end":{"line":29,"column":25}},"loc":{"start":{"line":29,"column":30},"end":{"line":29,"column":41}},"line":29}},"branchMap":{},"s":{"0":4,"1":4,"2":4,"3":2,"4":2,"5":4,"6":16,"7":4,"8":2},"f":{"0":4,"1":2,"2":16,"3":4},"b":{},"_coverageSchema":"1a1c01bbd47fc00a2c39e90264f33305004495a9","hash":"2e44b679f6df08c4a1d6e4f31776a4595b1c13a0"}
,"C:\\Users\\Lev3\\Documents\\GitHub\\guess-melody\\src\\hocs\\with-active-player\\with-active-player.js": {"path":"C:\\Users\\Lev3\\Documents\\GitHub\\guess-melody\\src\\hocs\\with-active-player\\with-active-player.js","statementMap":{"0":{"start":{"line":8,"column":27},"end":{"line":8,"column":49}},"1":{"start":{"line":10,"column":25},"end":{"line":54,"column":1}},"2":{"start":{"line":13,"column":6},"end":{"line":13,"column":19}},"3":{"start":{"line":15,"column":6},"end":{"line":17,"column":8}},"4":{"start":{"line":18,"column":6},"end":{"line":18,"column":40}},"5":{"start":{"line":22,"column":6},"end":{"line":30,"column":7}},"6":{"start":{"line":24,"column":8},"end":{"line":29,"column":10}},"7":{"start":{"line":25,"column":35},"end":{"line":25,"column":45}},"8":{"start":{"line":26,"column":10},"end":{"line":28,"column":13}},"9":{"start":{"line":32,"column":6},"end":{"line":32,"column":46}},"10":{"start":{"line":36,"column":31},"end":{"line":36,"column":41}},"11":{"start":{"line":38,"column":6},"end":{"line":47,"column":9}},"12":{"start":{"line":41,"column":10},"end":{"line":45,"column":13}},"13":{"start":{"line":51,"column":2},"end":{"line":51,"column":34}},"14":{"start":{"line":53,"column":2},"end":{"line":53,"column":26}}},"fnMap":{"0":{"name":"(anonymous_0)","decl":{"start":{"line":10,"column":25},"end":{"line":10,"column":26}},"loc":{"start":{"line":10,"column":40},"end":{"line":54,"column":1}},"line":10},"1":{"name":"(anonymous_1)","decl":{"start":{"line":12,"column":4},"end":{"line":12,"column":5}},"loc":{"start":{"line":12,"column":23},"end":{"line":19,"column":5}},"line":12},"2":{"name":"(anonymous_2)","decl":{"start":{"line":21,"column":4},"end":{"line":21,"column":5}},"loc":{"start":{"line":21,"column":29},"end":{"line":33,"column":5}},"line":21},"3":{"name":"(anonymous_3)","decl":{"start":{"line":24,"column":43},"end":{"line":24,"column":44}},"loc":{"start":{"line":24,"column":49},"end":{"line":29,"column":9}},"line":24},"4":{"name":"(anonymous_4)","decl":{"start":{"line":35,"column":4},"end":{"line":35,"column":5}},"loc":{"start":{"line":35,"column":13},"end":{"line":48,"column":5}},"line":35},"5":{"name":"(anonymous_5)","decl":{"start":{"line":40,"column":22},"end":{"line":40,"column":23}},"loc":{"start":{"line":40,"column":33},"end":{"line":46,"column":9}},"line":40}},"branchMap":{"0":{"loc":{"start":{"line":22,"column":6},"end":{"line":30,"column":7}},"type":"if","locations":[{"start":{"line":22,"column":6},"end":{"line":30,"column":7}},{"start":{"line":22,"column":6},"end":{"line":30,"column":7}}],"line":22},"1":{"loc":{"start":{"line":27,"column":26},"end":{"line":27,"column":55}},"type":"cond-expr","locations":[{"start":{"line":27,"column":48},"end":{"line":27,"column":50}},{"start":{"line":27,"column":53},"end":{"line":27,"column":55}}],"line":27}},"s":{"0":1,"1":1,"2":1,"3":1,"4":1,"5":0,"6":0,"7":0,"8":0,"9":0,"10":1,"11":1,"12":0,"13":1,"14":1},"f":{"0":1,"1":1,"2":0,"3":0,"4":1,"5":0},"b":{"0":[0,0],"1":[0,0]},"_coverageSchema":"1a1c01bbd47fc00a2c39e90264f33305004495a9","hash":"0806d948ae19e9152f4267a80bb74a095a39407b"}
,"C:\\Users\\Lev3\\Documents\\GitHub\\guess-melody\\src\\hocs\\with-audio\\with-audio.js": {"path":"C:\\Users\\Lev3\\Documents\\GitHub\\guess-melody\\src\\hocs\\with-audio\\with-audio.js","statementMap":{"0":{"start":{"line":5,"column":18},"end":{"line":94,"column":1}},"1":{"start":{"line":8,"column":6},"end":{"line":8,"column":19}},"2":{"start":{"line":10,"column":6},"end":{"line":10,"column":35}},"3":{"start":{"line":12,"column":6},"end":{"line":15,"column":8}},"4":{"start":{"line":17,"column":6},"end":{"line":17,"column":67}},"5":{"start":{"line":18,"column":6},"end":{"line":18,"column":55}},"6":{"start":{"line":22,"column":39},"end":{"line":22,"column":49}},"7":{"start":{"line":24,"column":6},"end":{"line":32,"column":8}},"8":{"start":{"line":36,"column":22},"end":{"line":36,"column":32}},"9":{"start":{"line":37,"column":20},"end":{"line":37,"column":42}},"10":{"start":{"line":39,"column":6},"end":{"line":39,"column":22}},"11":{"start":{"line":41,"column":6},"end":{"line":43,"column":9}},"12":{"start":{"line":41,"column":37},"end":{"line":43,"column":8}},"13":{"start":{"line":45,"column":6},"end":{"line":49,"column":8}},"14":{"start":{"line":46,"column":8},"end":{"line":48,"column":11}},"15":{"start":{"line":51,"column":6},"end":{"line":53,"column":9}},"16":{"start":{"line":51,"column":28},"end":{"line":53,"column":8}},"17":{"start":{"line":57,"column":20},"end":{"line":57,"column":42}},"18":{"start":{"line":59,"column":6},"end":{"line":63,"column":7}},"19":{"start":{"line":60,"column":8},"end":{"line":60,"column":21}},"20":{"start":{"line":62,"column":8},"end":{"line":62,"column":22}},"21":{"start":{"line":67,"column":20},"end":{"line":67,"column":42}},"22":{"start":{"line":69,"column":6},"end":{"line":69,"column":36}},"23":{"start":{"line":70,"column":6},"end":{"line":70,"column":26}},"24":{"start":{"line":71,"column":6},"end":{"line":71,"column":27}},"25":{"start":{"line":72,"column":6},"end":{"line":72,"column":21}},"26":{"start":{"line":76,"column":6},"end":{"line":76,"column":37}},"27":{"start":{"line":77,"column":6},"end":{"line":77,"column":58}},"28":{"start":{"line":81,"column":6},"end":{"line":83,"column":9}},"29":{"start":{"line":87,"column":2},"end":{"line":91,"column":4}},"30":{"start":{"line":93,"column":2},"end":{"line":93,"column":19}}},"fnMap":{"0":{"name":"(anonymous_0)","decl":{"start":{"line":5,"column":18},"end":{"line":5,"column":19}},"loc":{"start":{"line":5,"column":33},"end":{"line":94,"column":1}},"line":5},"1":{"name":"(anonymous_1)","decl":{"start":{"line":7,"column":4},"end":{"line":7,"column":5}},"loc":{"start":{"line":7,"column":23},"end":{"line":19,"column":5}},"line":7},"2":{"name":"(anonymous_2)","decl":{"start":{"line":21,"column":4},"end":{"line":21,"column":5}},"loc":{"start":{"line":21,"column":13},"end":{"line":33,"column":5}},"line":21},"3":{"name":"(anonymous_3)","decl":{"start":{"line":35,"column":4},"end":{"line":35,"column":5}},"loc":{"start":{"line":35,"column":24},"end":{"line":54,"column":5}},"line":35},"4":{"name":"(anonymous_4)","decl":{"start":{"line":41,"column":31},"end":{"line":41,"column":32}},"loc":{"start":{"line":41,"column":37},"end":{"line":43,"column":8}},"line":41},"5":{"name":"(anonymous_5)","decl":{"start":{"line":45,"column":21},"end":{"line":45,"column":22}},"loc":{"start":{"line":45,"column":27},"end":{"line":49,"column":7}},"line":45},"6":{"name":"(anonymous_6)","decl":{"start":{"line":51,"column":22},"end":{"line":51,"column":23}},"loc":{"start":{"line":51,"column":28},"end":{"line":53,"column":8}},"line":51},"7":{"name":"(anonymous_7)","decl":{"start":{"line":56,"column":4},"end":{"line":56,"column":5}},"loc":{"start":{"line":56,"column":25},"end":{"line":64,"column":5}},"line":56},"8":{"name":"(anonymous_8)","decl":{"start":{"line":66,"column":4},"end":{"line":66,"column":5}},"loc":{"start":{"line":66,"column":27},"end":{"line":73,"column":5}},"line":66},"9":{"name":"(anonymous_9)","decl":{"start":{"line":75,"column":4},"end":{"line":75,"column":5}},"loc":{"start":{"line":75,"column":25},"end":{"line":78,"column":5}},"line":75},"10":{"name":"(anonymous_10)","decl":{"start":{"line":80,"column":4},"end":{"line":80,"column":5}},"loc":{"start":{"line":80,"column":19},"end":{"line":84,"column":5}},"line":80}},"branchMap":{"0":{"loc":{"start":{"line":59,"column":6},"end":{"line":63,"column":7}},"type":"if","locations":[{"start":{"line":59,"column":6},"end":{"line":63,"column":7}},{"start":{"line":59,"column":6},"end":{"line":63,"column":7}}],"line":59}},"s":{"0":1,"1":0,"2":0,"3":0,"4":0,"5":0,"6":0,"7":0,"8":0,"9":0,"10":0,"11":0,"12":0,"13":0,"14":0,"15":0,"16":0,"17":0,"18":0,"19":0,"20":0,"21":0,"22":0,"23":0,"24":0,"25":0,"26":0,"27":0,"28":0,"29":1,"30":1},"f":{"0":1,"1":0,"2":0,"3":0,"4":0,"5":0,"6":0,"7":0,"8":0,"9":0,"10":0},"b":{"0":[0,0]},"_coverageSchema":"1a1c01bbd47fc00a2c39e90264f33305004495a9","hash":"b35132727592de2d7f82170760dfee1ba39865cb"}
,"C:\\Users\\Lev3\\Documents\\GitHub\\guess-melody\\src\\hocs\\with-transform-props\\with-transform-props.js": {"path":"C:\\Users\\Lev3\\Documents\\GitHub\\guess-melody\\src\\hocs\\with-transform-props\\with-transform-props.js","statementMap":{"0":{"start":{"line":3,"column":27},"end":{"line":10,"column":1}},"1":{"start":{"line":3,"column":46},"end":{"line":10,"column":1}},"2":{"start":{"line":4,"column":29},"end":{"line":7,"column":3}},"3":{"start":{"line":5,"column":21},"end":{"line":5,"column":41}},"4":{"start":{"line":6,"column":4},"end":{"line":6,"column":39}},"5":{"start":{"line":9,"column":2},"end":{"line":9,"column":28}}},"fnMap":{"0":{"name":"(anonymous_0)","decl":{"start":{"line":3,"column":27},"end":{"line":3,"column":28}},"loc":{"start":{"line":3,"column":46},"end":{"line":10,"column":1}},"line":3},"1":{"name":"(anonymous_1)","decl":{"start":{"line":3,"column":46},"end":{"line":3,"column":47}},"loc":{"start":{"line":3,"column":61},"end":{"line":10,"column":1}},"line":3},"2":{"name":"(anonymous_2)","decl":{"start":{"line":4,"column":29},"end":{"line":4,"column":30}},"loc":{"start":{"line":4,"column":40},"end":{"line":7,"column":3}},"line":4}},"branchMap":{},"s":{"0":1,"1":1,"2":1,"3":1,"4":1,"5":1},"f":{"0":1,"1":1,"2":1},"b":{},"_coverageSchema":"1a1c01bbd47fc00a2c39e90264f33305004495a9","hash":"d62973486ce304aa6b3c94c1c83c922c0e051c22"}
,"C:\\Users\\Lev3\\Documents\\GitHub\\guess-melody\\src\\hocs\\with-user-answer\\with-user-asnwer.js": {"path":"C:\\Users\\Lev3\\Documents\\GitHub\\guess-melody\\src\\hocs\\with-user-answer\\with-user-asnwer.js","statementMap":{"0":{"start":{"line":5,"column":23},"end":{"line":46,"column":1}},"1":{"start":{"line":8,"column":6},"end":{"line":8,"column":19}},"2":{"start":{"line":9,"column":6},"end":{"line":11,"column":8}},"3":{"start":{"line":13,"column":6},"end":{"line":13,"column":49}},"4":{"start":{"line":14,"column":6},"end":{"line":14,"column":49}},"5":{"start":{"line":18,"column":6},"end":{"line":23,"column":9}},"6":{"start":{"line":27,"column":26},"end":{"line":27,"column":57}},"7":{"start":{"line":28,"column":6},"end":{"line":28,"column":39}},"8":{"start":{"line":29,"column":6},"end":{"line":29,"column":37}},"9":{"start":{"line":33,"column":6},"end":{"line":33,"column":50}},"10":{"start":{"line":37,"column":2},"end":{"line":43,"column":4}},"11":{"start":{"line":45,"column":2},"end":{"line":45,"column":24}}},"fnMap":{"0":{"name":"(anonymous_0)","decl":{"start":{"line":5,"column":23},"end":{"line":5,"column":24}},"loc":{"start":{"line":5,"column":38},"end":{"line":46,"column":1}},"line":5},"1":{"name":"(anonymous_1)","decl":{"start":{"line":7,"column":4},"end":{"line":7,"column":5}},"loc":{"start":{"line":7,"column":23},"end":{"line":15,"column":5}},"line":7},"2":{"name":"(anonymous_2)","decl":{"start":{"line":17,"column":4},"end":{"line":17,"column":5}},"loc":{"start":{"line":17,"column":13},"end":{"line":24,"column":5}},"line":17},"3":{"name":"(anonymous_3)","decl":{"start":{"line":26,"column":4},"end":{"line":26,"column":5}},"loc":{"start":{"line":26,"column":17},"end":{"line":30,"column":5}},"line":26},"4":{"name":"(anonymous_4)","decl":{"start":{"line":32,"column":4},"end":{"line":32,"column":5}},"loc":{"start":{"line":32,"column":16},"end":{"line":34,"column":5}},"line":32}},"branchMap":{},"s":{"0":2,"1":2,"2":2,"3":2,"4":2,"5":8,"6":6,"7":6,"8":6,"9":0,"10":2,"11":2},"f":{"0":2,"1":2,"2":8,"3":6,"4":0},"b":{},"_coverageSchema":"1a1c01bbd47fc00a2c39e90264f33305004495a9","hash":"88b3d634627700b7987c55c4d1cdafa744a0dc70"}
}
