TN:
SF:src\components\app\app.jsx
FN:8,(anonymous_0)
FN:16,(anonymous_1)
FN:46,(anonymous_2)
FN:49,(anonymous_3)
FN:50,(anonymous_4)
FNF:5
FNH:5
FNDA:4,(anonymous_0)
FNDA:9,(anonymous_1)
FNDA:9,(anonymous_2)
FNDA:3,(anonymous_3)
FNDA:3,(anonymous_4)
DA:9,4
DA:11,4
DA:17,9
DA:21,5
DA:23,5
DA:29,4
DA:30,4
DA:31,4
DA:32,2
DA:37,2
DA:38,2
DA:43,0
DA:47,9
DA:48,9
DA:49,9
DA:50,3
DA:51,3
DA:52,3
DA:53,3
DA:58,9
DA:62,2
LF:21
LH:20
BRDA:17,0,0,5
BRDA:17,0,1,4
BRDA:31,1,0,2
BRDA:31,1,1,2
BRDA:37,2,0,2
BRDA:37,2,1,0
BRDA:54,3,0,2
BRDA:54,3,1,1
BRF:8
BRH:7
end_of_record
TN:
SF:src\components\artist-question-screen\artist-question-screen.jsx
FN:7,(anonymous_0)
FN:15,(anonymous_1)
FN:20,(anonymous_2)
FN:51,(anonymous_3)
FN:58,(anonymous_4)
FNF:5
FNH:4
FNDA:4,(anonymous_0)
FNDA:4,(anonymous_1)
FNDA:1,(anonymous_2)
FNDA:0,(anonymous_3)
FNDA:8,(anonymous_4)
DA:8,4
DA:10,4
DA:16,4
DA:17,4
DA:18,4
DA:20,4
DA:21,1
DA:22,1
DA:25,4
DA:51,0
DA:58,8
DA:71,4
LF:12
LH:11
BRF:0
BRH:0
end_of_record
TN:
SF:src\components\audio-player\audio-player.jsx
FN:6,(anonymous_0)
FN:19,(anonymous_1)
FN:31,(anonymous_2)
FN:36,(anonymous_3)
FN:39,(anonymous_4)
FN:44,(anonymous_5)
FN:47,(anonymous_6)
FN:52,(anonymous_7)
FN:62,(anonymous_8)
FN:72,(anonymous_9)
FNF:10
FNH:4
FNDA:11,(anonymous_0)
FNDA:11,(anonymous_1)
FNDA:11,(anonymous_2)
FNDA:0,(anonymous_3)
FNDA:0,(anonymous_4)
FNDA:0,(anonymous_5)
FNDA:0,(anonymous_6)
FNDA:0,(anonymous_7)
FNDA:2,(anonymous_8)
FNDA:0,(anonymous_9)
DA:7,11
DA:8,11
DA:10,11
DA:16,11
DA:20,11
DA:21,11
DA:32,11
DA:33,11
DA:34,11
DA:36,11
DA:39,11
DA:40,0
DA:44,11
DA:47,11
DA:53,0
DA:55,0
DA:56,0
DA:58,0
DA:63,2
DA:65,2
DA:66,2
DA:67,2
DA:68,2
DA:69,2
DA:73,0
DA:74,0
DA:78,7
LF:27
LH:20
BRDA:23,0,0,0
BRDA:23,0,1,11
BRDA:55,1,0,0
BRDA:55,1,1,0
BRF:4
BRH:1
end_of_record
TN:
SF:src\components\genre-question-screen\genre-question-screen.jsx
FN:7,(anonymous_0)
FN:15,(anonymous_1)
FN:19,(anonymous_2)
FN:47,(anonymous_3)
FN:51,(anonymous_4)
FNF:5
FNH:4
FNDA:4,(anonymous_0)
FNDA:4,(anonymous_1)
FNDA:2,(anonymous_2)
FNDA:7,(anonymous_3)
FNDA:0,(anonymous_4)
DA:8,4
DA:10,4
DA:16,4
DA:17,4
DA:19,4
DA:20,2
DA:21,2
DA:24,4
DA:47,7
DA:51,0
DA:69,4
LF:11
LH:10
BRDA:52,0,0,0
BRDA:52,0,1,0
BRF:2
BRH:0
end_of_record
TN:
SF:src\components\welcome-screen\welcome-screen.jsx
FN:4,(anonymous_0)
FNF:1
FNH:1
FNDA:7,(anonymous_0)
DA:4,4
DA:5,7
DA:6,7
DA:23,4
LF:4
LH:4
BRF:0
BRH:0
end_of_record
