TN:
SF:src\reducer.js
FN:13,(anonymous_0)
FN:15,(anonymous_1)
FN:15,(anonymous_2)
FN:20,(anonymous_3)
FN:25,(anonymous_4)
FN:43,(anonymous_5)
FN:51,(anonymous_6)
FNF:7
FNH:6
FNDA:4,(anonymous_0)
FNDA:4,(anonymous_1)
FNDA:10,(anonymous_2)
FNDA:1,(anonymous_3)
FNDA:4,(anonymous_4)
FNDA:0,(anonymous_5)
FNDA:9,(anonymous_6)
DA:2,2
DA:7,2
DA:13,4
DA:15,10
DA:19,2
DA:20,1
DA:26,4
DA:28,4
DA:30,2
DA:31,2
DA:33,2
DA:34,2
DA:35,0
DA:38,4
DA:44,0
DA:51,2
DA:52,9
DA:54,2
DA:57,2
DA:60,1
DA:62,4
LF:21
LH:19
BRDA:28,0,0,2
BRDA:28,0,1,2
BRDA:28,0,2,0
BRDA:40,1,0,2
BRDA:40,1,1,2
BRDA:51,2,0,4
BRDA:52,3,0,2
BRDA:52,3,1,2
BRDA:52,3,2,1
BRDA:52,3,3,4
BRF:10
BRH:9
end_of_record
TN:
SF:src\components\app\app.jsx
FN:12,(anonymous_0)
FN:18,(anonymous_1)
FNF:2
FNH:2
FNDA:3,(anonymous_0)
FNDA:3,(anonymous_1)
DA:7,1
DA:12,1
DA:13,3
DA:14,3
DA:19,3
DA:20,3
DA:45,1
LF:7
LH:7
BRF:0
BRH:0
end_of_record
TN:
SF:src\components\artist-question-screen\artist-question-screen.jsx
FN:5,(anonymous_0)
FN:23,(anonymous_1)
FN:24,(anonymous_2)
FNF:3
FNH:3
FNDA:2,(anonymous_0)
FNDA:6,(anonymous_1)
FNDA:3,(anonymous_2)
DA:11,2
DA:12,2
DA:14,2
DA:23,6
DA:24,3
DA:35,2
LF:6
LH:6
BRF:0
BRH:0
end_of_record
TN:
SF:src\components\audio-player\audio-player.jsx
FN:6,(anonymous_0)
FNF:1
FNH:1
FNDA:1,(anonymous_0)
DA:12,1
DA:13,1
DA:24,2
LF:3
LH:3
BRDA:15,0,0,0
BRDA:15,0,1,1
BRF:2
BRH:1
end_of_record
TN:
SF:src\components\genre-question-screen\genre-question-screen.jsx
FN:6,(anonymous_0)
FN:16,(anonymous_1)
FN:24,(anonymous_2)
FN:29,(anonymous_3)
FNF:4
FNH:4
FNDA:4,(anonymous_0)
FNDA:2,(anonymous_1)
FNDA:16,(anonymous_2)
FNDA:4,(anonymous_3)
DA:13,4
DA:14,4
DA:16,4
DA:17,2
DA:18,2
DA:21,4
DA:24,16
DA:29,4
DA:42,2
LF:9
LH:9
BRF:0
BRH:0
end_of_record
TN:
SF:src\hocs\with-active-player\with-active-player.js
FN:10,(anonymous_0)
FN:12,(anonymous_1)
FN:21,(anonymous_2)
FN:24,(anonymous_3)
FN:35,(anonymous_4)
FN:40,(anonymous_5)
FNF:6
FNH:3
FNDA:1,(anonymous_0)
FNDA:1,(anonymous_1)
FNDA:0,(anonymous_2)
FNDA:0,(anonymous_3)
FNDA:1,(anonymous_4)
FNDA:0,(anonymous_5)
DA:8,1
DA:10,1
DA:13,1
DA:15,1
DA:18,1
DA:22,0
DA:24,0
DA:25,0
DA:26,0
DA:32,0
DA:36,1
DA:38,1
DA:41,0
DA:51,1
DA:53,1
LF:15
LH:9
BRDA:22,0,0,0
BRDA:22,0,1,0
BRDA:27,1,0,0
BRDA:27,1,1,0
BRF:4
BRH:0
end_of_record
TN:
SF:src\hocs\with-audio\with-audio.js
FN:5,(anonymous_0)
FN:7,(anonymous_1)
FN:21,(anonymous_2)
FN:35,(anonymous_3)
FN:41,(anonymous_4)
FN:45,(anonymous_5)
FN:51,(anonymous_6)
FN:56,(anonymous_7)
FN:66,(anonymous_8)
FN:75,(anonymous_9)
FN:80,(anonymous_10)
FNF:11
FNH:1
FNDA:1,(anonymous_0)
FNDA:0,(anonymous_1)
FNDA:0,(anonymous_2)
FNDA:0,(anonymous_3)
FNDA:0,(anonymous_4)
FNDA:0,(anonymous_5)
FNDA:0,(anonymous_6)
FNDA:0,(anonymous_7)
FNDA:0,(anonymous_8)
FNDA:0,(anonymous_9)
FNDA:0,(anonymous_10)
DA:5,1
DA:8,0
DA:10,0
DA:12,0
DA:17,0
DA:18,0
DA:22,0
DA:24,0
DA:36,0
DA:37,0
DA:39,0
DA:41,0
DA:45,0
DA:46,0
DA:51,0
DA:57,0
DA:59,0
DA:60,0
DA:62,0
DA:67,0
DA:69,0
DA:70,0
DA:71,0
DA:72,0
DA:76,0
DA:77,0
DA:81,0
DA:87,1
DA:93,1
LF:29
LH:3
BRDA:59,0,0,0
BRDA:59,0,1,0
BRF:2
BRH:0
end_of_record
TN:
SF:src\hocs\with-transform-props\with-transform-props.js
FN:3,(anonymous_0)
FN:3,(anonymous_1)
FN:4,(anonymous_2)
FNF:3
FNH:3
FNDA:1,(anonymous_0)
FNDA:1,(anonymous_1)
FNDA:1,(anonymous_2)
DA:3,1
DA:4,1
DA:5,1
DA:6,1
DA:9,1
LF:5
LH:5
BRF:0
BRH:0
end_of_record
TN:
SF:src\hocs\with-user-answer\with-user-asnwer.js
FN:5,(anonymous_0)
FN:7,(anonymous_1)
FN:17,(anonymous_2)
FN:26,(anonymous_3)
FN:32,(anonymous_4)
FNF:5
FNH:4
FNDA:2,(anonymous_0)
FNDA:2,(anonymous_1)
FNDA:8,(anonymous_2)
FNDA:6,(anonymous_3)
FNDA:0,(anonymous_4)
DA:5,2
DA:8,2
DA:9,2
DA:13,2
DA:14,2
DA:18,8
DA:27,6
DA:28,6
DA:29,6
DA:33,0
DA:37,2
DA:45,2
LF:12
LH:11
BRF:0
BRH:0
end_of_record
